landing akses
Thursday December, 10 2020 21:16:15landing akses
Thursday December, 10 2020 21:16:17landing akses
Friday December, 11 2020 14:32:49 landing akses
Friday December, 11 2020 14:55:42 landing akses
Friday December, 11 2020 14:55:54 landing akses
Friday December, 11 2020 14:56:51 landing akses
Friday December, 11 2020 15:20:06 landing akses
Saturday December, 12 2020 00:18:14 masuk halaman utama
Saturday December, 12 2020 00:18:21 masuk halaman utama
Saturday December, 12 2020 00:18:28 masuk halaman pencarian
Saturday December, 12 2020 00:18:33 mencari user
Saturday December, 12 2020 00:18:48 masuk halaman pembaruan data
Saturday December, 12 2020 00:19:20 masuk halaman penambahan data
Saturday December, 12 2020 00:19:49 masuk halaman penghapusan data
Saturday December, 12 2020 00:19:54 masuk halaman pembaruan data
Saturday December, 12 2020 00:20:08 masuk halaman penambahan data
Saturday December, 12 2020 22:23:40 masuk halaman utama
Saturday December, 12 2020 22:23:42 masuk halaman utama
Saturday December, 12 2020 22:23:45 masuk halaman penambahan data
Saturday December, 12 2020 22:25:47 menambahkan data
Saturday December, 12 2020 22:26:10 masuk halaman penambahan data
Saturday December, 12 2020 22:26:41 menambahkan data
Saturday December, 12 2020 22:31:59 menambahkan data
Saturday December, 12 2020 22:32:15 menambahkan data
Saturday December, 12 2020 22:32:32 masuk halaman penambahan data
Saturday December, 12 2020 22:32:43 menambahkan data
Sunday December, 13 2020 19:19:54 masuk halaman utama
Sunday December, 13 2020 19:19:58 masuk halaman utama
Sunday December, 13 2020 19:20:00 masuk halaman pencarian
Sunday December, 13 2020 19:20:04 mencari user
Sunday December, 13 2020 19:20:09 mencari user
Sunday December, 13 2020 19:20:15 mencari user
Sunday December, 13 2020 19:21:05 masuk halaman pencarian
Sunday December, 13 2020 19:21:09 mencari user
Sunday December, 13 2020 19:23:42 masuk halaman pencarian
Sunday December, 13 2020 19:23:43 masuk halaman utama
Sunday December, 13 2020 19:23:53 masuk halaman pencarian
Sunday December, 13 2020 19:23:58 mencari user
Sunday December, 13 2020 19:24:41 mencari user
Sunday December, 13 2020 19:24:43 masuk halaman utama
Sunday December, 13 2020 19:24:45 masuk halaman penambahan data
Sunday December, 13 2020 19:24:49 masuk halaman utama
Sunday December, 13 2020 19:24:49 masuk halaman pembaruan data
Sunday December, 13 2020 19:24:50 masuk halaman utama
Sunday December, 13 2020 19:24:51 masuk halaman penghapusan data
Sunday December, 13 2020 19:24:52 masuk halaman utama
Sunday December, 13 2020 19:30:02 masuk halaman pencarian
Sunday December, 13 2020 19:30:22 mencari user
Sunday December, 13 2020 19:32:15 masuk halaman pencarian
Sunday December, 13 2020 19:32:21 mencari user
Sunday December, 13 2020 19:32:24 mencari user
